Arguments: 
  /Users/napochaan/.nodebrew/node/v10.16.0/bin/node /Users/napochaan/.nodebrew/current/bin/yarn add pupettier

PATH: 
  /usr/local/Cellar/pyenv-virtualenv/1.1.3/shims:/Users/napochaan/.pyenv/shims:/Users/napochaan/.rbenv/shims:/Users/napochaan/.nodebrew/current/bin:/Users/napochaan/.local/bin:/usr/local/opt/gettext/bin:/usr/local/opt/ncurses/bin:/usr/local/texlive/2018/bin/x86_64-darwin:/Users/napochaan/subcommand/bin:/Users/napochaan/Library/Python/3.7/bin:/Library/Frameworks/Mono.framework/Versions/6.4.0/bin/:/usr/local/opt/mysql@5.7/bin:/usr/local/opt/imagemagick@6/bin:/usr/local/opt/openssl@1.1/bin:/usr/local/opt/protobuf@3.7/bin:/usr/local/bin:/usr/bin:/bin:/usr/sbin:/sbin:/Library/TeX/texbin:/usr/local/share/dotnet:~/.dotnet/tools:/Library/Apple/usr/bin:/Library/Frameworks/Mono.framework/Versions/Current/Commands:/usr/local/Cellar/pyenv-virtualenv/1.1.3/shims:/Users/napochaan/.pyenv/shims:/Users/napochaan/.rbenv/shims:/Users/napochaan/.nodebrew/current/bin:/Users/napochaan/.local/bin:/usr/local/opt/gettext/bin:/usr/local/opt/ncurses/bin:/usr/local/texlive/2018/bin/x86_64-darwin:/Users/napochaan/subcommand/bin:/Users/napochaan/Library/Python/3.7/bin:/Library/Frameworks/Mono.framework/Versions/6.4.0/bin/:/usr/local/opt/mysql@5.7/bin:/usr/local/opt/imagemagick@6/bin:/usr/local/opt/openssl@1.1/bin:/usr/local/opt/protobuf@3.7/bin

Yarn version: 
  1.21.1

Node version: 
  10.16.0

Platform: 
  darwin x64

Trace: 
  Error: https://registry.yarnpkg.com/pupettier: Not found
      at Request.params.callback [as _callback] (/Users/napochaan/.nodebrew/node/v10.16.0/lib/node_modules/yarn/lib/cli.js:66947:18)
      at Request.self.callback (/Users/napochaan/.nodebrew/node/v10.16.0/lib/node_modules/yarn/lib/cli.js:140665:22)
      at Request.emit (events.js:198:13)
      at Request.<anonymous> (/Users/napochaan/.nodebrew/node/v10.16.0/lib/node_modules/yarn/lib/cli.js:141637:10)
      at Request.emit (events.js:198:13)
      at IncomingMessage.<anonymous> (/Users/napochaan/.nodebrew/node/v10.16.0/lib/node_modules/yarn/lib/cli.js:141559:12)
      at Object.onceWrapper (events.js:286:20)
      at IncomingMessage.emit (events.js:203:15)
      at endReadableNT (_stream_readable.js:1129:12)
      at process._tickCallback (internal/process/next_tick.js:63:19)

npm manifest: 
  {
    "name": "github-actions",
    "version": "1.0.0",
    "main": "lib/index.js",
    "license": "MIT",
    "scripts": {
      "build": "tsc",
      "start": "node lib/index"
    },
    "devDependencies": {
      "typescript": "^3.7.2"
    },
    "dependencies": {
      "@actions/core": "^1.2.3",
      "@actions/io": "^1.0.2"
    }
  }

yarn manifest: 
  No manifest

Lockfile: 
  # THIS IS AN AUTOGENERATED FILE. DO NOT EDIT THIS FILE DIRECTLY.
  # yarn lockfile v1
  
  
  "@actions/core@^1.2.3":
    version "1.2.3"
    resolved "https://registry.yarnpkg.com/@actions/core/-/core-1.2.3.tgz#e844b4fa0820e206075445079130868f95bfca95"
    integrity sha512-Wp4xnyokakM45Uuj4WLUxdsa8fJjKVl1fDTsPbTEcTcuu0Nb26IPQbOtjmnfaCPGcaoPOOqId8H9NapZ8gii4w==
  
  "@actions/io@^1.0.2":
    version "1.0.2"
    resolved "https://registry.yarnpkg.com/@actions/io/-/io-1.0.2.tgz#2f614b6e69ce14d191180451eb38e6576a6e6b27"
    integrity sha512-J8KuFqVPr3p6U8W93DOXlXW6zFvrQAJANdS+vw0YhusLIq+bszW8zmK2Fh1C2kDPX8FMvwIl1OUcFgvJoXLbAg==
  
  inherits@2.0.3:
    version "2.0.3"
    resolved "https://registry.yarnpkg.com/inherits/-/inherits-2.0.3.tgz#633c2c83e3da42a502f52466022480f4208261de"
    integrity sha1-Yzwsg+PaQqUC9SRmAiSA9CCCYd4=
  
  path@^0.12.7:
    version "0.12.7"
    resolved "https://registry.yarnpkg.com/path/-/path-0.12.7.tgz#d4dc2a506c4ce2197eb481ebfcd5b36c0140b10f"
    integrity sha1-1NwqUGxM4hl+tIHr/NWzbAFAsQ8=
    dependencies:
      process "^0.11.1"
      util "^0.10.3"
  
  process@^0.11.1:
    version "0.11.10"
    resolved "https://registry.yarnpkg.com/process/-/process-0.11.10.tgz#7332300e840161bda3e69a1d1d91a7d4bc16f182"
    integrity sha1-czIwDoQBYb2j5podHZGn1LwW8YI=
  
  typescript@^3.7.2:
    version "3.7.2"
    resolved "https://registry.yarnpkg.com/typescript/-/typescript-3.7.2.tgz#27e489b95fa5909445e9fef5ee48d81697ad18fb"
    integrity sha512-ml7V7JfiN2Xwvcer+XAf2csGO1bPBdRbFCkYBczNZggrBZ9c7G3riSUeJmqEU5uOtXNPMhE3n+R4FA/3YOAWOQ==
  
  util@^0.10.3:
    version "0.10.4"
    resolved "https://registry.yarnpkg.com/util/-/util-0.10.4.tgz#3aa0125bfe668a4672de58857d3ace27ecb76901"
    integrity sha512-0Pm9hTQ3se5ll1XihRic3FDIku70C+iHUdT/W926rSgHV5QgXsYbKZN8MSC3tJtSkhuROzvsQjAaFENRXr+19A==
    dependencies:
      inherits "2.0.3"
